<?xml version="1.0" encoding="UTF-8"?>
<testsuite xmlns:xsi="http://www.w3.org/2001/XMLSchema-instance" xsi:noNamespaceSchemaLocation="https://maven.apache.org/surefire/maven-surefire-plugin/xsd/surefire-test-report-3.0.xsd" version="3.0" name="TestSuite" time="21.364" tests="8" errors="0" skipped="0" failures="0">
  <properties>
    <property name="sun.desktop" value="windows"/>
    <property name="awt.toolkit" value="sun.awt.windows.WToolkit"/>
    <property name="java.specification.version" value="11"/>
    <property name="webdriver.chrome.driver" value="C:\Users\anush\.cache\selenium\chromedriver\win64\118.0.5993.70\chromedriver.exe"/>
    <property name="sun.cpu.isalist" value="amd64"/>
    <property name="sun.jnu.encoding" value="Cp1252"/>
    <property name="java.class.path" value="C:\Users\anush\TekArch-workspace\SDFC_Framework\target\test-classes;C:\Users\anush\TekArch-workspace\SDFC_Framework\target\classes;C:\Users\anush\.m2\repository\org\seleniumhq\selenium\selenium-java\4.11.0\selenium-java-4.11.0.jar;C:\Users\anush\.m2\repository\org\seleniumhq\selenium\selenium-api\4.11.0\selenium-api-4.11.0.jar;C:\Users\anush\.m2\repository\org\seleniumhq\selenium\selenium-chrome-driver\4.11.0\selenium-chrome-driver-4.11.0.jar;C:\Users\anush\.m2\repository\com\google\auto\service\auto-service-annotations\1.0.1\auto-service-annotations-1.0.1.jar;C:\Users\anush\.m2\repository\com\google\guava\guava\31.1-jre\guava-31.1-jre.jar;C:\Users\anush\.m2\repository\com\google\guava\failureaccess\1.0.1\failureaccess-1.0.1.jar;C:\Users\anush\.m2\repository\com\google\guava\listenablefuture\9999.0-empty-to-avoid-conflict-with-guava\listenablefuture-9999.0-empty-to-avoid-conflict-with-guava.jar;C:\Users\anush\.m2\repository\org\checkerframework\checker-qual\3.12.0\checker-qual-3.12.0.jar;C:\Users\anush\.m2\repository\com\google\errorprone\error_prone_annotations\2.11.0\error_prone_annotations-2.11.0.jar;C:\Users\anush\.m2\repository\com\google\j2objc\j2objc-annotations\1.3\j2objc-annotations-1.3.jar;C:\Users\anush\.m2\repository\org\seleniumhq\selenium\selenium-chromium-driver\4.11.0\selenium-chromium-driver-4.11.0.jar;C:\Users\anush\.m2\repository\org\seleniumhq\selenium\selenium-json\4.11.0\selenium-json-4.11.0.jar;C:\Users\anush\.m2\repository\org\seleniumhq\selenium\selenium-manager\4.11.0\selenium-manager-4.11.0.jar;C:\Users\anush\.m2\repository\org\seleniumhq\selenium\selenium-devtools-v113\4.11.0\selenium-devtools-v113-4.11.0.jar;C:\Users\anush\.m2\repository\org\seleniumhq\selenium\selenium-devtools-v114\4.11.0\selenium-devtools-v114-4.11.0.jar;C:\Users\anush\.m2\repository\org\seleniumhq\selenium\selenium-devtools-v115\4.11.0\selenium-devtools-v115-4.11.0.jar;C:\Users\anush\.m2\repository\org\seleniumhq\selenium\selenium-devtools-v85\4.11.0\selenium-devtools-v85-4.11.0.jar;C:\Users\anush\.m2\repository\org\seleniumhq\selenium\selenium-edge-driver\4.11.0\selenium-edge-driver-4.11.0.jar;C:\Users\anush\.m2\repository\org\seleniumhq\selenium\selenium-firefox-driver\4.11.0\selenium-firefox-driver-4.11.0.jar;C:\Users\anush\.m2\repository\org\seleniumhq\selenium\selenium-http\4.11.0\selenium-http-4.11.0.jar;C:\Users\anush\.m2\repository\dev\failsafe\failsafe\3.3.1\failsafe-3.3.1.jar;C:\Users\anush\.m2\repository\org\seleniumhq\selenium\selenium-ie-driver\4.11.0\selenium-ie-driver-4.11.0.jar;C:\Users\anush\.m2\repository\org\seleniumhq\selenium\selenium-remote-driver\4.11.0\selenium-remote-driver-4.11.0.jar;C:\Users\anush\.m2\repository\io\netty\netty-buffer\4.1.92.Final\netty-buffer-4.1.92.Final.jar;C:\Users\anush\.m2\repository\io\netty\netty-codec-http\4.1.92.Final\netty-codec-http-4.1.92.Final.jar;C:\Users\anush\.m2\repository\io\netty\netty-codec\4.1.92.Final\netty-codec-4.1.92.Final.jar;C:\Users\anush\.m2\repository\io\netty\netty-handler\4.1.92.Final\netty-handler-4.1.92.Final.jar;C:\Users\anush\.m2\repository\io\netty\netty-common\4.1.92.Final\netty-common-4.1.92.Final.jar;C:\Users\anush\.m2\repository\io\netty\netty-transport-classes-epoll\4.1.92.Final\netty-transport-classes-epoll-4.1.92.Final.jar;C:\Users\anush\.m2\repository\io\netty\netty-transport-classes-kqueue\4.1.92.Final\netty-transport-classes-kqueue-4.1.92.Final.jar;C:\Users\anush\.m2\repository\io\netty\netty-transport-native-epoll\4.1.92.Final\netty-transport-native-epoll-4.1.92.Final.jar;C:\Users\anush\.m2\repository\io\netty\netty-transport-native-kqueue\4.1.92.Final\netty-transport-native-kqueue-4.1.92.Final.jar;C:\Users\anush\.m2\repository\io\netty\netty-transport-native-unix-common\4.1.92.Final\netty-transport-native-unix-common-4.1.92.Final.jar;C:\Users\anush\.m2\repository\io\netty\netty-transport\4.1.92.Final\netty-transport-4.1.92.Final.jar;C:\Users\anush\.m2\repository\io\netty\netty-resolver\4.1.92.Final\netty-resolver-4.1.92.Final.jar;C:\Users\anush\.m2\repository\io\opentelemetry\opentelemetry-api\1.26.0\opentelemetry-api-1.26.0.jar;C:\Users\anush\.m2\repository\io\opentelemetry\opentelemetry-context\1.26.0\opentelemetry-context-1.26.0.jar;C:\Users\anush\.m2\repository\io\opentelemetry\opentelemetry-exporter-logging\1.26.0\opentelemetry-exporter-logging-1.26.0.jar;C:\Users\anush\.m2\repository\io\opentelemetry\opentelemetry-sdk-metrics\1.26.0\opentelemetry-sdk-metrics-1.26.0.jar;C:\Users\anush\.m2\repository\io\opentelemetry\opentelemetry-extension-incubator\1.26.0-alpha\opentelemetry-extension-incubator-1.26.0-alpha.jar;C:\Users\anush\.m2\repository\io\opentelemetry\opentelemetry-sdk-logs\1.26.0-alpha\opentelemetry-sdk-logs-1.26.0-alpha.jar;C:\Users\anush\.m2\repository\io\opentelemetry\opentelemetry-api-logs\1.26.0-alpha\opentelemetry-api-logs-1.26.0-alpha.jar;C:\Users\anush\.m2\repository\io\opentelemetry\opentelemetry-api-events\1.26.0-alpha\opentelemetry-api-events-1.26.0-alpha.jar;C:\Users\anush\.m2\repository\io\opentelemetry\opentelemetry-sdk-common\1.26.0\opentelemetry-sdk-common-1.26.0.jar;C:\Users\anush\.m2\repository\io\opentelemetry\opentelemetry-sdk-extension-autoconfigure-spi\1.26.0\opentelemetry-sdk-extension-autoconfigure-spi-1.26.0.jar;C:\Users\anush\.m2\repository\io\opentelemetry\opentelemetry-sdk-extension-autoconfigure\1.26.0-alpha\opentelemetry-sdk-extension-autoconfigure-1.26.0-alpha.jar;C:\Users\anush\.m2\repository\io\opentelemetry\opentelemetry-sdk-trace\1.26.0\opentelemetry-sdk-trace-1.26.0.jar;C:\Users\anush\.m2\repository\io\opentelemetry\opentelemetry-sdk\1.26.0\opentelemetry-sdk-1.26.0.jar;C:\Users\anush\.m2\repository\io\opentelemetry\opentelemetry-semconv\1.26.0-alpha\opentelemetry-semconv-1.26.0-alpha.jar;C:\Users\anush\.m2\repository\net\bytebuddy\byte-buddy\1.14.4\byte-buddy-1.14.4.jar;C:\Users\anush\.m2\repository\org\apache\commons\commons-exec\1.3\commons-exec-1.3.jar;C:\Users\anush\.m2\repository\org\asynchttpclient\async-http-client\2.12.3\async-http-client-2.12.3.jar;C:\Users\anush\.m2\repository\org\asynchttpclient\async-http-client-netty-utils\2.12.3\async-http-client-netty-utils-2.12.3.jar;C:\Users\anush\.m2\repository\io\netty\netty-codec-socks\4.1.60.Final\netty-codec-socks-4.1.60.Final.jar;C:\Users\anush\.m2\repository\io\netty\netty-handler-proxy\4.1.60.Final\netty-handler-proxy-4.1.60.Final.jar;C:\Users\anush\.m2\repository\io\netty\netty-transport-native-epoll\4.1.60.Final\netty-transport-native-epoll-4.1.60.Final-linux-x86_64.jar;C:\Users\anush\.m2\repository\io\netty\netty-transport-native-kqueue\4.1.60.Final\netty-transport-native-kqueue-4.1.60.Final-osx-x86_64.jar;C:\Users\anush\.m2\repository\com\typesafe\netty\netty-reactive-streams\2.0.4\netty-reactive-streams-2.0.4.jar;C:\Users\anush\.m2\repository\com\sun\activation\jakarta.activation\1.2.2\jakarta.activation-1.2.2.jar;C:\Users\anush\.m2\repository\org\seleniumhq\selenium\selenium-safari-driver\4.11.0\selenium-safari-driver-4.11.0.jar;C:\Users\anush\.m2\repository\org\seleniumhq\selenium\selenium-support\4.11.0\selenium-support-4.11.0.jar;C:\Users\anush\.m2\repository\io\github\bonigarcia\webdrivermanager\5.4.1\webdrivermanager-5.4.1.jar;C:\Users\anush\.m2\repository\org\slf4j\slf4j-api\2.0.7\slf4j-api-2.0.7.jar;C:\Users\anush\.m2\repository\com\google\code\gson\gson\2.10.1\gson-2.10.1.jar;C:\Users\anush\.m2\repository\com\github\docker-java\docker-java\3.3.2\docker-java-3.3.2.jar;C:\Users\anush\.m2\repository\com\github\docker-java\docker-java-core\3.3.2\docker-java-core-3.3.2.jar;C:\Users\anush\.m2\repository\com\github\docker-java\docker-java-api\3.3.2\docker-java-api-3.3.2.jar;C:\Users\anush\.m2\repository\com\fasterxml\jackson\core\jackson-annotations\2.10.3\jackson-annotations-2.10.3.jar;C:\Users\anush\.m2\repository\com\fasterxml\jackson\core\jackson-databind\2.10.3\jackson-databind-2.10.3.jar;C:\Users\anush\.m2\repository\com\fasterxml\jackson\core\jackson-core\2.10.3\jackson-core-2.10.3.jar;C:\Users\anush\.m2\repository\org\bouncycastle\bcpkix-jdk15on\1.64\bcpkix-jdk15on-1.64.jar;C:\Users\anush\.m2\repository\org\bouncycastle\bcprov-jdk15on\1.64\bcprov-jdk15on-1.64.jar;C:\Users\anush\.m2\repository\org\slf4j\jcl-over-slf4j\1.7.30\jcl-over-slf4j-1.7.30.jar;C:\Users\anush\.m2\repository\com\github\docker-java\docker-java-transport-httpclient5\3.3.2\docker-java-transport-httpclient5-3.3.2.jar;C:\Users\anush\.m2\repository\com\github\docker-java\docker-java-transport\3.3.2\docker-java-transport-3.3.2.jar;C:\Users\anush\.m2\repository\net\java\dev\jna\jna\5.12.1\jna-5.12.1.jar;C:\Users\anush\.m2\repository\org\brotli\dec\0.1.2\dec-0.1.2.jar;C:\Users\anush\.m2\repository\org\apache\commons\commons-lang3\3.12.0\commons-lang3-3.12.0.jar;C:\Users\anush\.m2\repository\org\apache\httpcomponents\client5\httpclient5\5.2.1\httpclient5-5.2.1.jar;C:\Users\anush\.m2\repository\org\apache\httpcomponents\core5\httpcore5\5.2\httpcore5-5.2.jar;C:\Users\anush\.m2\repository\org\apache\httpcomponents\core5\httpcore5-h2\5.2\httpcore5-h2-5.2.jar;C:\Users\anush\.m2\repository\org\testng\testng\7.6.1\testng-7.6.1.jar;C:\Users\anush\.m2\repository\com\google\code\findbugs\jsr305\3.0.2\jsr305-3.0.2.jar;C:\Users\anush\.m2\repository\com\beust\jcommander\1.82\jcommander-1.82.jar;C:\Users\anush\.m2\repository\org\webjars\jquery\3.6.0\jquery-3.6.0.jar;C:\Users\anush\.m2\repository\org\apache\poi\poi-ooxml\5.2.4\poi-ooxml-5.2.4.jar;C:\Users\anush\.m2\repository\org\apache\poi\poi\5.2.4\poi-5.2.4.jar;C:\Users\anush\.m2\repository\commons-codec\commons-codec\1.16.0\commons-codec-1.16.0.jar;C:\Users\anush\.m2\repository\org\apache\commons\commons-math3\3.6.1\commons-math3-3.6.1.jar;C:\Users\anush\.m2\repository\com\zaxxer\SparseBitSet\1.3\SparseBitSet-1.3.jar;C:\Users\anush\.m2\repository\org\apache\poi\poi-ooxml-lite\5.2.4\poi-ooxml-lite-5.2.4.jar;C:\Users\anush\.m2\repository\org\apache\xmlbeans\xmlbeans\5.1.1\xmlbeans-5.1.1.jar;C:\Users\anush\.m2\repository\org\apache\commons\commons-compress\1.24.0\commons-compress-1.24.0.jar;C:\Users\anush\.m2\repository\commons-io\commons-io\2.13.0\commons-io-2.13.0.jar;C:\Users\anush\.m2\repository\com\github\virtuald\curvesapi\1.08\curvesapi-1.08.jar;C:\Users\anush\.m2\repository\org\apache\logging\log4j\log4j-api\2.20.0\log4j-api-2.20.0.jar;C:\Users\anush\.m2\repository\org\apache\commons\commons-collections4\4.4\commons-collections4-4.4.jar;C:\Users\anush\.m2\repository\com\aventstack\extentreports\5.1.0\extentreports-5.1.0.jar;C:\Users\anush\.m2\repository\io\reactivex\rxjava3\rxjava\3.1.6\rxjava-3.1.6.jar;C:\Users\anush\.m2\repository\org\reactivestreams\reactive-streams\1.0.4\reactive-streams-1.0.4.jar;C:\Users\anush\.m2\repository\org\freemarker\freemarker\2.3.32\freemarker-2.3.32.jar;C:\Users\anush\.m2\repository\org\projectlombok\lombok\1.18.26\lombok-1.18.26.jar;C:\Users\anush\.m2\repository\org\apache\logging\log4j\log4j-core\2.18.0\log4j-core-2.18.0.jar;C:\Users\anush\.m2\repository\io\cucumber\cucumber-java\7.14.0\cucumber-java-7.14.0.jar;C:\Users\anush\.m2\repository\io\cucumber\cucumber-core\7.14.0\cucumber-core-7.14.0.jar;C:\Users\anush\.m2\repository\io\cucumber\cucumber-gherkin\7.14.0\cucumber-gherkin-7.14.0.jar;C:\Users\anush\.m2\repository\io\cucumber\cucumber-gherkin-messages\7.14.0\cucumber-gherkin-messages-7.14.0.jar;C:\Users\anush\.m2\repository\io\cucumber\gherkin\26.2.0\gherkin-26.2.0.jar;C:\Users\anush\.m2\repository\io\cucumber\messages\22.0.0\messages-22.0.0.jar;C:\Users\anush\.m2\repository\io\cucumber\tag-expressions\5.0.6\tag-expressions-5.0.6.jar;C:\Users\anush\.m2\repository\io\cucumber\cucumber-expressions\16.1.2\cucumber-expressions-16.1.2.jar;C:\Users\anush\.m2\repository\io\cucumber\datatable\7.14.0\datatable-7.14.0.jar;C:\Users\anush\.m2\repository\io\cucumber\cucumber-plugin\7.14.0\cucumber-plugin-7.14.0.jar;C:\Users\anush\.m2\repository\io\cucumber\docstring\7.14.0\docstring-7.14.0.jar;C:\Users\anush\.m2\repository\io\cucumber\html-formatter\20.4.0\html-formatter-20.4.0.jar;C:\Users\anush\.m2\repository\io\cucumber\junit-xml-formatter\0.2.0\junit-xml-formatter-0.2.0.jar;C:\Users\anush\.m2\repository\io\cucumber\ci-environment\9.2.0\ci-environment-9.2.0.jar;C:\Users\anush\.m2\repository\org\apiguardian\apiguardian-api\1.1.2\apiguardian-api-1.1.2.jar;C:\Users\anush\.m2\repository\io\cucumber\cucumber-junit\7.14.0\cucumber-junit-7.14.0.jar;C:\Users\anush\.m2\repository\junit\junit\4.13.2\junit-4.13.2.jar;C:\Users\anush\.m2\repository\org\hamcrest\hamcrest-core\1.3\hamcrest-core-1.3.jar;"/>
    <property name="java.vm.vendor" value="Oracle Corporation"/>
    <property name="sun.arch.data.model" value="64"/>
    <property name="user.variant" value=""/>
    <property name="java.vendor.url" value="https://openjdk.java.net/"/>
    <property name="user.timezone" value="America/New_York"/>
    <property name="java.vm.specification.version" value="11"/>
    <property name="os.name" value="Windows 11"/>
    <property name="sun.java.launcher" value="SUN_STANDARD"/>
    <property name="user.country" value="US"/>
    <property name="sun.boot.library.path" value="C:\Program Files\Java\jdk-11\bin"/>
    <property name="sun.java.command" value="C:\Users\anush\AppData\Local\Temp\surefire6735459068722699773\surefirebooter-20231025113603617_3.jar C:\Users\anush\AppData\Local\Temp\surefire6735459068722699773 2023-10-25T11-36-03_386-jvmRun1 surefire-20231025113603617_1tmp surefire_0-20231025113603617_2tmp"/>
    <property name="jdk.debug" value="release"/>
    <property name="surefire.test.class.path" value="C:\Users\anush\TekArch-workspace\SDFC_Framework\target\test-classes;C:\Users\anush\TekArch-workspace\SDFC_Framework\target\classes;C:\Users\anush\.m2\repository\org\seleniumhq\selenium\selenium-java\4.11.0\selenium-java-4.11.0.jar;C:\Users\anush\.m2\repository\org\seleniumhq\selenium\selenium-api\4.11.0\selenium-api-4.11.0.jar;C:\Users\anush\.m2\repository\org\seleniumhq\selenium\selenium-chrome-driver\4.11.0\selenium-chrome-driver-4.11.0.jar;C:\Users\anush\.m2\repository\com\google\auto\service\auto-service-annotations\1.0.1\auto-service-annotations-1.0.1.jar;C:\Users\anush\.m2\repository\com\google\guava\guava\31.1-jre\guava-31.1-jre.jar;C:\Users\anush\.m2\repository\com\google\guava\failureaccess\1.0.1\failureaccess-1.0.1.jar;C:\Users\anush\.m2\repository\com\google\guava\listenablefuture\9999.0-empty-to-avoid-conflict-with-guava\listenablefuture-9999.0-empty-to-avoid-conflict-with-guava.jar;C:\Users\anush\.m2\repository\org\checkerframework\checker-qual\3.12.0\checker-qual-3.12.0.jar;C:\Users\anush\.m2\repository\com\google\errorprone\error_prone_annotations\2.11.0\error_prone_annotations-2.11.0.jar;C:\Users\anush\.m2\repository\com\google\j2objc\j2objc-annotations\1.3\j2objc-annotations-1.3.jar;C:\Users\anush\.m2\repository\org\seleniumhq\selenium\selenium-chromium-driver\4.11.0\selenium-chromium-driver-4.11.0.jar;C:\Users\anush\.m2\repository\org\seleniumhq\selenium\selenium-json\4.11.0\selenium-json-4.11.0.jar;C:\Users\anush\.m2\repository\org\seleniumhq\selenium\selenium-manager\4.11.0\selenium-manager-4.11.0.jar;C:\Users\anush\.m2\repository\org\seleniumhq\selenium\selenium-devtools-v113\4.11.0\selenium-devtools-v113-4.11.0.jar;C:\Users\anush\.m2\repository\org\seleniumhq\selenium\selenium-devtools-v114\4.11.0\selenium-devtools-v114-4.11.0.jar;C:\Users\anush\.m2\repository\org\seleniumhq\selenium\selenium-devtools-v115\4.11.0\selenium-devtools-v115-4.11.0.jar;C:\Users\anush\.m2\repository\org\seleniumhq\selenium\selenium-devtools-v85\4.11.0\selenium-devtools-v85-4.11.0.jar;C:\Users\anush\.m2\repository\org\seleniumhq\selenium\selenium-edge-driver\4.11.0\selenium-edge-driver-4.11.0.jar;C:\Users\anush\.m2\repository\org\seleniumhq\selenium\selenium-firefox-driver\4.11.0\selenium-firefox-driver-4.11.0.jar;C:\Users\anush\.m2\repository\org\seleniumhq\selenium\selenium-http\4.11.0\selenium-http-4.11.0.jar;C:\Users\anush\.m2\repository\dev\failsafe\failsafe\3.3.1\failsafe-3.3.1.jar;C:\Users\anush\.m2\repository\org\seleniumhq\selenium\selenium-ie-driver\4.11.0\selenium-ie-driver-4.11.0.jar;C:\Users\anush\.m2\repository\org\seleniumhq\selenium\selenium-remote-driver\4.11.0\selenium-remote-driver-4.11.0.jar;C:\Users\anush\.m2\repository\io\netty\netty-buffer\4.1.92.Final\netty-buffer-4.1.92.Final.jar;C:\Users\anush\.m2\repository\io\netty\netty-codec-http\4.1.92.Final\netty-codec-http-4.1.92.Final.jar;C:\Users\anush\.m2\repository\io\netty\netty-codec\4.1.92.Final\netty-codec-4.1.92.Final.jar;C:\Users\anush\.m2\repository\io\netty\netty-handler\4.1.92.Final\netty-handler-4.1.92.Final.jar;C:\Users\anush\.m2\repository\io\netty\netty-common\4.1.92.Final\netty-common-4.1.92.Final.jar;C:\Users\anush\.m2\repository\io\netty\netty-transport-classes-epoll\4.1.92.Final\netty-transport-classes-epoll-4.1.92.Final.jar;C:\Users\anush\.m2\repository\io\netty\netty-transport-classes-kqueue\4.1.92.Final\netty-transport-classes-kqueue-4.1.92.Final.jar;C:\Users\anush\.m2\repository\io\netty\netty-transport-native-epoll\4.1.92.Final\netty-transport-native-epoll-4.1.92.Final.jar;C:\Users\anush\.m2\repository\io\netty\netty-transport-native-kqueue\4.1.92.Final\netty-transport-native-kqueue-4.1.92.Final.jar;C:\Users\anush\.m2\repository\io\netty\netty-transport-native-unix-common\4.1.92.Final\netty-transport-native-unix-common-4.1.92.Final.jar;C:\Users\anush\.m2\repository\io\netty\netty-transport\4.1.92.Final\netty-transport-4.1.92.Final.jar;C:\Users\anush\.m2\repository\io\netty\netty-resolver\4.1.92.Final\netty-resolver-4.1.92.Final.jar;C:\Users\anush\.m2\repository\io\opentelemetry\opentelemetry-api\1.26.0\opentelemetry-api-1.26.0.jar;C:\Users\anush\.m2\repository\io\opentelemetry\opentelemetry-context\1.26.0\opentelemetry-context-1.26.0.jar;C:\Users\anush\.m2\repository\io\opentelemetry\opentelemetry-exporter-logging\1.26.0\opentelemetry-exporter-logging-1.26.0.jar;C:\Users\anush\.m2\repository\io\opentelemetry\opentelemetry-sdk-metrics\1.26.0\opentelemetry-sdk-metrics-1.26.0.jar;C:\Users\anush\.m2\repository\io\opentelemetry\opentelemetry-extension-incubator\1.26.0-alpha\opentelemetry-extension-incubator-1.26.0-alpha.jar;C:\Users\anush\.m2\repository\io\opentelemetry\opentelemetry-sdk-logs\1.26.0-alpha\opentelemetry-sdk-logs-1.26.0-alpha.jar;C:\Users\anush\.m2\repository\io\opentelemetry\opentelemetry-api-logs\1.26.0-alpha\opentelemetry-api-logs-1.26.0-alpha.jar;C:\Users\anush\.m2\repository\io\opentelemetry\opentelemetry-api-events\1.26.0-alpha\opentelemetry-api-events-1.26.0-alpha.jar;C:\Users\anush\.m2\repository\io\opentelemetry\opentelemetry-sdk-common\1.26.0\opentelemetry-sdk-common-1.26.0.jar;C:\Users\anush\.m2\repository\io\opentelemetry\opentelemetry-sdk-extension-autoconfigure-spi\1.26.0\opentelemetry-sdk-extension-autoconfigure-spi-1.26.0.jar;C:\Users\anush\.m2\repository\io\opentelemetry\opentelemetry-sdk-extension-autoconfigure\1.26.0-alpha\opentelemetry-sdk-extension-autoconfigure-1.26.0-alpha.jar;C:\Users\anush\.m2\repository\io\opentelemetry\opentelemetry-sdk-trace\1.26.0\opentelemetry-sdk-trace-1.26.0.jar;C:\Users\anush\.m2\repository\io\opentelemetry\opentelemetry-sdk\1.26.0\opentelemetry-sdk-1.26.0.jar;C:\Users\anush\.m2\repository\io\opentelemetry\opentelemetry-semconv\1.26.0-alpha\opentelemetry-semconv-1.26.0-alpha.jar;C:\Users\anush\.m2\repository\net\bytebuddy\byte-buddy\1.14.4\byte-buddy-1.14.4.jar;C:\Users\anush\.m2\repository\org\apache\commons\commons-exec\1.3\commons-exec-1.3.jar;C:\Users\anush\.m2\repository\org\asynchttpclient\async-http-client\2.12.3\async-http-client-2.12.3.jar;C:\Users\anush\.m2\repository\org\asynchttpclient\async-http-client-netty-utils\2.12.3\async-http-client-netty-utils-2.12.3.jar;C:\Users\anush\.m2\repository\io\netty\netty-codec-socks\4.1.60.Final\netty-codec-socks-4.1.60.Final.jar;C:\Users\anush\.m2\repository\io\netty\netty-handler-proxy\4.1.60.Final\netty-handler-proxy-4.1.60.Final.jar;C:\Users\anush\.m2\repository\io\netty\netty-transport-native-epoll\4.1.60.Final\netty-transport-native-epoll-4.1.60.Final-linux-x86_64.jar;C:\Users\anush\.m2\repository\io\netty\netty-transport-native-kqueue\4.1.60.Final\netty-transport-native-kqueue-4.1.60.Final-osx-x86_64.jar;C:\Users\anush\.m2\repository\com\typesafe\netty\netty-reactive-streams\2.0.4\netty-reactive-streams-2.0.4.jar;C:\Users\anush\.m2\repository\com\sun\activation\jakarta.activation\1.2.2\jakarta.activation-1.2.2.jar;C:\Users\anush\.m2\repository\org\seleniumhq\selenium\selenium-safari-driver\4.11.0\selenium-safari-driver-4.11.0.jar;C:\Users\anush\.m2\repository\org\seleniumhq\selenium\selenium-support\4.11.0\selenium-support-4.11.0.jar;C:\Users\anush\.m2\repository\io\github\bonigarcia\webdrivermanager\5.4.1\webdrivermanager-5.4.1.jar;C:\Users\anush\.m2\repository\org\slf4j\slf4j-api\2.0.7\slf4j-api-2.0.7.jar;C:\Users\anush\.m2\repository\com\google\code\gson\gson\2.10.1\gson-2.10.1.jar;C:\Users\anush\.m2\repository\com\github\docker-java\docker-java\3.3.2\docker-java-3.3.2.jar;C:\Users\anush\.m2\repository\com\github\docker-java\docker-java-core\3.3.2\docker-java-core-3.3.2.jar;C:\Users\anush\.m2\repository\com\github\docker-java\docker-java-api\3.3.2\docker-java-api-3.3.2.jar;C:\Users\anush\.m2\repository\com\fasterxml\jackson\core\jackson-annotations\2.10.3\jackson-annotations-2.10.3.jar;C:\Users\anush\.m2\repository\com\fasterxml\jackson\core\jackson-databind\2.10.3\jackson-databind-2.10.3.jar;C:\Users\anush\.m2\repository\com\fasterxml\jackson\core\jackson-core\2.10.3\jackson-core-2.10.3.jar;C:\Users\anush\.m2\repository\org\bouncycastle\bcpkix-jdk15on\1.64\bcpkix-jdk15on-1.64.jar;C:\Users\anush\.m2\repository\org\bouncycastle\bcprov-jdk15on\1.64\bcprov-jdk15on-1.64.jar;C:\Users\anush\.m2\repository\org\slf4j\jcl-over-slf4j\1.7.30\jcl-over-slf4j-1.7.30.jar;C:\Users\anush\.m2\repository\com\github\docker-java\docker-java-transport-httpclient5\3.3.2\docker-java-transport-httpclient5-3.3.2.jar;C:\Users\anush\.m2\repository\com\github\docker-java\docker-java-transport\3.3.2\docker-java-transport-3.3.2.jar;C:\Users\anush\.m2\repository\net\java\dev\jna\jna\5.12.1\jna-5.12.1.jar;C:\Users\anush\.m2\repository\org\brotli\dec\0.1.2\dec-0.1.2.jar;C:\Users\anush\.m2\repository\org\apache\commons\commons-lang3\3.12.0\commons-lang3-3.12.0.jar;C:\Users\anush\.m2\repository\org\apache\httpcomponents\client5\httpclient5\5.2.1\httpclient5-5.2.1.jar;C:\Users\anush\.m2\repository\org\apache\httpcomponents\core5\httpcore5\5.2\httpcore5-5.2.jar;C:\Users\anush\.m2\repository\org\apache\httpcomponents\core5\httpcore5-h2\5.2\httpcore5-h2-5.2.jar;C:\Users\anush\.m2\repository\org\testng\testng\7.6.1\testng-7.6.1.jar;C:\Users\anush\.m2\repository\com\google\code\findbugs\jsr305\3.0.2\jsr305-3.0.2.jar;C:\Users\anush\.m2\repository\com\beust\jcommander\1.82\jcommander-1.82.jar;C:\Users\anush\.m2\repository\org\webjars\jquery\3.6.0\jquery-3.6.0.jar;C:\Users\anush\.m2\repository\org\apache\poi\poi-ooxml\5.2.4\poi-ooxml-5.2.4.jar;C:\Users\anush\.m2\repository\org\apache\poi\poi\5.2.4\poi-5.2.4.jar;C:\Users\anush\.m2\repository\commons-codec\commons-codec\1.16.0\commons-codec-1.16.0.jar;C:\Users\anush\.m2\repository\org\apache\commons\commons-math3\3.6.1\commons-math3-3.6.1.jar;C:\Users\anush\.m2\repository\com\zaxxer\SparseBitSet\1.3\SparseBitSet-1.3.jar;C:\Users\anush\.m2\repository\org\apache\poi\poi-ooxml-lite\5.2.4\poi-ooxml-lite-5.2.4.jar;C:\Users\anush\.m2\repository\org\apache\xmlbeans\xmlbeans\5.1.1\xmlbeans-5.1.1.jar;C:\Users\anush\.m2\repository\org\apache\commons\commons-compress\1.24.0\commons-compress-1.24.0.jar;C:\Users\anush\.m2\repository\commons-io\commons-io\2.13.0\commons-io-2.13.0.jar;C:\Users\anush\.m2\repository\com\github\virtuald\curvesapi\1.08\curvesapi-1.08.jar;C:\Users\anush\.m2\repository\org\apache\logging\log4j\log4j-api\2.20.0\log4j-api-2.20.0.jar;C:\Users\anush\.m2\repository\org\apache\commons\commons-collections4\4.4\commons-collections4-4.4.jar;C:\Users\anush\.m2\repository\com\aventstack\extentreports\5.1.0\extentreports-5.1.0.jar;C:\Users\anush\.m2\repository\io\reactivex\rxjava3\rxjava\3.1.6\rxjava-3.1.6.jar;C:\Users\anush\.m2\repository\org\reactivestreams\reactive-streams\1.0.4\reactive-streams-1.0.4.jar;C:\Users\anush\.m2\repository\org\freemarker\freemarker\2.3.32\freemarker-2.3.32.jar;C:\Users\anush\.m2\repository\org\projectlombok\lombok\1.18.26\lombok-1.18.26.jar;C:\Users\anush\.m2\repository\org\apache\logging\log4j\log4j-core\2.18.0\log4j-core-2.18.0.jar;C:\Users\anush\.m2\repository\io\cucumber\cucumber-java\7.14.0\cucumber-java-7.14.0.jar;C:\Users\anush\.m2\repository\io\cucumber\cucumber-core\7.14.0\cucumber-core-7.14.0.jar;C:\Users\anush\.m2\repository\io\cucumber\cucumber-gherkin\7.14.0\cucumber-gherkin-7.14.0.jar;C:\Users\anush\.m2\repository\io\cucumber\cucumber-gherkin-messages\7.14.0\cucumber-gherkin-messages-7.14.0.jar;C:\Users\anush\.m2\repository\io\cucumber\gherkin\26.2.0\gherkin-26.2.0.jar;C:\Users\anush\.m2\repository\io\cucumber\messages\22.0.0\messages-22.0.0.jar;C:\Users\anush\.m2\repository\io\cucumber\tag-expressions\5.0.6\tag-expressions-5.0.6.jar;C:\Users\anush\.m2\repository\io\cucumber\cucumber-expressions\16.1.2\cucumber-expressions-16.1.2.jar;C:\Users\anush\.m2\repository\io\cucumber\datatable\7.14.0\datatable-7.14.0.jar;C:\Users\anush\.m2\repository\io\cucumber\cucumber-plugin\7.14.0\cucumber-plugin-7.14.0.jar;C:\Users\anush\.m2\repository\io\cucumber\docstring\7.14.0\docstring-7.14.0.jar;C:\Users\anush\.m2\repository\io\cucumber\html-formatter\20.4.0\html-formatter-20.4.0.jar;C:\Users\anush\.m2\repository\io\cucumber\junit-xml-formatter\0.2.0\junit-xml-formatter-0.2.0.jar;C:\Users\anush\.m2\repository\io\cucumber\ci-environment\9.2.0\ci-environment-9.2.0.jar;C:\Users\anush\.m2\repository\org\apiguardian\apiguardian-api\1.1.2\apiguardian-api-1.1.2.jar;C:\Users\anush\.m2\repository\io\cucumber\cucumber-junit\7.14.0\cucumber-junit-7.14.0.jar;C:\Users\anush\.m2\repository\junit\junit\4.13.2\junit-4.13.2.jar;C:\Users\anush\.m2\repository\org\hamcrest\hamcrest-core\1.3\hamcrest-core-1.3.jar;"/>
    <property name="sun.cpu.endian" value="little"/>
    <property name="user.home" value="C:\Users\anush"/>
    <property name="user.language" value="en"/>
    <property name="java.specification.vendor" value="Oracle Corporation"/>
    <property name="java.version.date" value="2023-07-18"/>
    <property name="java.home" value="C:\Program Files\Java\jdk-11"/>
    <property name="file.separator" value="\"/>
    <property name="style.color" value="always"/>
    <property name="basedir" value="C:\Users\anush\TekArch-workspace\SDFC_Framework"/>
    <property name="java.vm.compressedOopsMode" value="Zero based"/>
    <property name="line.separator" value="&#10;"/>
    <property name="java.specification.name" value="Java Platform API Specification"/>
    <property name="java.vm.specification.vendor" value="Oracle Corporation"/>
    <property name="java.awt.graphicsenv" value="sun.awt.Win32GraphicsEnvironment"/>
    <property name="surefire.real.class.path" value="C:\Users\anush\AppData\Local\Temp\surefire6735459068722699773\surefirebooter-20231025113603617_3.jar"/>
    <property name="user.script" value=""/>
    <property name="sun.management.compiler" value="HotSpot 64-Bit Tiered Compilers"/>
    <property name="java.runtime.version" value="11.0.20+9-LTS-256"/>
    <property name="user.name" value="anush"/>
    <property name="path.separator" value=";"/>
    <property name="os.version" value="10.0"/>
    <property name="java.runtime.name" value="Java(TM) SE Runtime Environment"/>
    <property name="file.encoding" value="Cp1252"/>
    <property name="java.vm.name" value="Java HotSpot(TM) 64-Bit Server VM"/>
    <property name="java.vendor.version" value="18.9"/>
    <property name="localRepository" value="C:\Users\anush\.m2\repository"/>
    <property name="java.vendor.url.bug" value="https://bugreport.java.com/bugreport/"/>
    <property name="java.io.tmpdir" value="C:\Users\anush\AppData\Local\Temp\"/>
    <property name="java.version" value="11.0.20"/>
    <property name="user.dir" value="C:\Users\anush\TekArch-workspace\SDFC_Framework"/>
    <property name="os.arch" value="amd64"/>
    <property name="java.vm.specification.name" value="Java Virtual Machine Specification"/>
    <property name="java.awt.printerjob" value="sun.awt.windows.WPrinterJob"/>
    <property name="sun.os.patch.level" value=""/>
    <property name="java.library.path" value="C:\Program Files\Java\jdk-11\bin;C:\WINDOWS\Sun\Java\bin;C:\WINDOWS\system32;C:\WINDOWS;C:\WINDOWS\system32;C:\WINDOWS;C:\WINDOWS\System32\Wbem;C:\WINDOWS\System32\WindowsPowerShell\v1.0\;C:\WINDOWS\System32\OpenSSH\;C:\Program Files\Git\cmd;C:\Program Files\Common Files\Oracle\Java\javapath;C:\apache-maven-3.8.8\bin\;C:\apache-maven-3.8.8\lib\;C:\Program Files\Java\jdk-17\bin;C:\Program Files\Java\jdk-17\lib;C:\Program Files\Java\jdk-17\;C:\Program Files\nodejs\;C:\Program Files\nodejs\node_modules;C:\apache-maven-3.8.8\;C:\Users\anush\AppData\Local\Android\Sdk\platform-tools;C:\Users\anush\AppData\Local\Android\Sdk\tools\bin;C:\Program Files\Android\Android Studio\jre\bin;C:\Users\anush\AppData\Local\Programs\Python\Python311\Scripts\;C:\Users\anush\AppData\Local\Programs\Python\Python311\;C:\Program Files\MySQL\MySQL Shell 8.0\bin\;C:\Users\anush\AppData\Local\Microsoft\WindowsApps;C:\Program Files\JetBrains\PyCharm 2023.1\bin;;C:\Program Files\JetBrains\PyCharm Community Edition 2023.1\bin;;C:\apache-maven-3.8.8\bin;C:\Program Files\Java\jdk-20\bin;C:\Program Files\Java\jdk-20\lib;C:\Program Files\Common Files\Oracle\Java\javapath;C:\Users\anush\AppData\Roaming\npm;."/>
    <property name="java.vendor" value="Oracle Corporation"/>
    <property name="java.vm.info" value="mixed mode"/>
    <property name="java.vm.version" value="11.0.20+9-LTS-256"/>
    <property name="java.specification.maintenance.version" value="2"/>
    <property name="sun.io.unicode.encoding" value="UnicodeLittle"/>
    <property name="java.class.version" value="55.0"/>
  </properties>
  <testcase name="validateLoginToTheApplnWithBlankPassword[void com.tekarck.testCases.TC01_LoginErrorMessage.validateLoginToTheApplnWithBlankPassword(java.lang.reflect.Method) throws java.io.IOException,org.apache.poi.openxml4j.exceptions.InvalidFormatException](1)" classname="com.tekarck.testCases.TC01_LoginErrorMessage" time="1.439">
    <system-out><![CDATA[2023-10-25 11:36:04,978 [TestNG-test=Regression  Test-1] INFO : Set driver : chrome
2023-10-25 11:36:07,297 [TestNG-test=Regression  Test-3] INFO : Launching the application : https://login.salesforce.com/
2023-10-25 11:36:07,316 [TestNG-test=Regression  Test-3] INFO : Login Page title :Login | Salesforce
2023-10-25 11:36:07,330 [TestNG-test=Regression  Test-2] INFO : Launching the application : https://login.salesforce.com/
2023-10-25 11:36:07,337 [TestNG-test=Regression  Test-2] INFO : Login Page title :Login | Salesforce
2023-10-25 11:36:07,438 [TestNG-test=Regression  Test-3] INFO : Inside the Class   :: com.tekarck.testCases.TC03_CheckRememberMe
2023-10-25 11:36:07,438 [TestNG-test=Regression  Test-3] INFO : Inside the method   :: loginAndCheckRememberMe
2023-10-25 11:36:07,464 [TestNG-test=Regression  Test-2] INFO : Test case satrted here :    loginToSalesForceAppwithValidUserAndPwd
2023-10-25 11:36:07,768 [TestNG-test=Regression  Test-1] INFO : Launching the application : https://login.salesforce.com/
2023-10-25 11:36:07,778 [TestNG-test=Regression  Test-1] INFO : Login Page title :Login | Salesforce
2023-10-25 11:36:07,891 [TestNG-test=Regression  Test-1] INFO : Inside the Class ::com.tekarck.testCases.TC01_LoginErrorMessage
2023-10-25 11:36:07,891 [TestNG-test=Regression  Test-1] INFO : Inside the method ::validateLoginToTheApplnWithBlankPassword
2023-10-25 11:36:07,898 [TestNG-test=Regression  Test-1] INFO : application launched with title :Login | Salesforce
2023-10-25 11:36:08,405 [TestNG-test=Regression  Test-1] INFO : Entered Username :anusha@tek.com
2023-10-25 11:36:08,464 [TestNG-test=Regression  Test-2] INFO : Entered Username :anusha@tek.com
2023-10-25 11:36:08,569 [TestNG-test=Regression  Test-3] INFO : Entered User name   :: anusha@tek.com
2023-10-25 11:36:08,682 [TestNG-test=Regression  Test-1] INFO : Entered blank password : 
2023-10-25 11:36:08,736 [TestNG-test=Regression  Test-2] INFO : Entered  password :Sumedh@03
2023-10-25 11:36:08,740 [TestNG-test=Regression  Test-3] INFO : Entered User name   :: Sumedh@03
2023-10-25 11:36:08,842 [TestNG-test=Regression  Test-3] INFO : Clicked On Remember Me
2023-10-25 11:36:09,273 [TestNG-test=Regression  Test-1] INFO : Clicked on login button
2023-10-25 11:36:09,310 [TestNG-test=Regression  Test-1] INFO : Got the error message  :Please enter your password.
2023-10-25 11:36:09,311 [TestNG-test=Regression  Test-1] INFO : Login sholud not happen with blank password
]]></system-out>
    <system-err><![CDATA[SLF4J: No SLF4J providers were found.
SLF4J: Defaulting to no-operation (NOP) logger implementation
SLF4J: See https://www.slf4j.org/codes.html#noProviders for further details.
Oct 25, 2023 11:36:06 AM org.openqa.selenium.devtools.CdpVersionFinder findNearestMatch
WARNING: Unable to find an exact match for CDP version 118, so returning the closest version found: 115
Oct 25, 2023 11:36:06 AM org.openqa.selenium.devtools.CdpVersionFinder findNearestMatch
WARNING: Unable to find an exact match for CDP version 118, so returning the closest version found: 115
Oct 25, 2023 11:36:06 AM org.openqa.selenium.devtools.CdpVersionFinder findNearestMatch
WARNING: Unable to find an exact match for CDP version 118, so returning the closest version found: 115
]]></system-err>
  </testcase>
  <testcase name="forgotPwdLinkValidation[void com.tekarck.testCases.TC04A_TestForgotPassword.forgotPwdLinkValidation(java.lang.reflect.Method) throws org.apache.poi.openxml4j.exceptions.InvalidFormatException,java.io.IOException](1)" classname="com.tekarck.testCases.TC04A_TestForgotPassword" time="0.643">
    <system-out><![CDATA[2023-10-25 11:36:09,404 [TestNG-test=Regression  Test-1] INFO : Closing the browser :
2023-10-25 11:36:09,405 [TestNG-test=Regression  Test-1] INFO : Set driver : chrome
2023-10-25 11:36:09,889 [TestNG-test=Regression  Test-2] INFO : Clicked on login button
2023-10-25 11:36:09,925 [TestNG-test=Regression  Test-3] INFO : Clicked LOgin Btn
2023-10-25 11:36:10,864 [TestNG-test=Regression  Test-1] INFO : Launching the application : https://login.salesforce.com/
2023-10-25 11:36:10,870 [TestNG-test=Regression  Test-1] INFO : Login Page title :Login | Salesforce
2023-10-25 11:36:10,996 [TestNG-test=Regression  Test-1] INFO : Inside the Class ::com.tekarck.testCases.TC04A_TestForgotPassword
2023-10-25 11:36:10,997 [TestNG-test=Regression  Test-1] INFO : Inside the method ::forgotPwdLinkValidation
2023-10-25 11:36:11,280 [TestNG-test=Regression  Test-1] INFO : Clicked on forgot password
2023-10-25 11:36:11,407 [TestNG-test=Regression  Test-1] INFO : Entered User Name : : anusha@tek.com
2023-10-25 11:36:11,631 [TestNG-test=Regression  Test-1] INFO : Clicked on Continue Btn
2023-10-25 11:36:11,638 [TestNG-test=Regression  Test-1] INFO : Checking for Forgot password page title : : Check Your Email | Salesforce
2023-10-25 11:36:11,638 [TestNG-test=Regression  Test-1] INFO : Navigated to forgot password page with title  : : Check Your Email | Salesforce
]]></system-out>
    <system-err><![CDATA[Oct 25, 2023 11:36:10 AM org.openqa.selenium.devtools.CdpVersionFinder findNearestMatch
WARNING: Unable to find an exact match for CDP version 118, so returning the closest version found: 115
]]></system-err>
  </testcase>
  <testcase name="loginToSalesForceAppwithValidUserAndPwd[void com.tekarck.testCases.TC02_ValidLoginToSalesForce.loginToSalesForceAppwithValidUserAndPwd(java.lang.reflect.Method) throws org.apache.poi.openxml4j.exceptions.InvalidFormatException,java.io.IOException](1)" classname="com.tekarck.testCases.TC02_ValidLoginToSalesForce" time="0.818">
    <system-out><![CDATA[2023-10-25 11:36:11,717 [TestNG-test=Regression  Test-1] INFO : Closing the browser :
2023-10-25 11:36:11,718 [TestNG-test=Regression  Test-1] INFO : Set driver : chrome
2023-10-25 11:36:11,813 [TestNG-test=Regression  Test-2] INFO : After successfull login Home page title should be :Home Page ~ Salesforce - Developer Edition
]]></system-out>
  </testcase>
  <testcase name="loginAndCheckRememberMe[void com.tekarck.testCases.TC03_CheckRememberMe.loginAndCheckRememberMe(java.lang.reflect.Method) throws org.apache.poi.openxml4j.exceptions.InvalidFormatException,java.io.IOException](1)" classname="com.tekarck.testCases.TC03_CheckRememberMe" time="0.045">
    <system-out><![CDATA[2023-10-25 11:36:11,872 [TestNG-test=Regression  Test-2] INFO : Closing the browser :
2023-10-25 11:36:11,873 [TestNG-test=Regression  Test-2] INFO : Set driver : chrome
2023-10-25 11:36:12,698 [TestNG-test=Regression  Test-3] INFO : Clicked Logout Btn
2023-10-25 11:36:13,300 [TestNG-test=Regression  Test-1] INFO : Launching the application : https://login.salesforce.com/
2023-10-25 11:36:13,311 [TestNG-test=Regression  Test-1] INFO : Login Page title :Login | Salesforce
2023-10-25 11:36:13,431 [TestNG-test=Regression  Test-1] INFO : Inside the Class ::com.tekarck.testCases.TC04B_InvalidUserNameAndPassword
2023-10-25 11:36:13,431 [TestNG-test=Regression  Test-1] INFO : Inside the method ::loginToAppWithInvalidCreds
2023-10-25 11:36:13,475 [TestNG-test=Regression  Test-3] INFO : Entered User name present in the Uaser Name Text Box :: anusha@tek.com
]]></system-out>
    <system-err><![CDATA[Oct 25, 2023 11:36:12 AM org.openqa.selenium.devtools.CdpVersionFinder findNearestMatch
WARNING: Unable to find an exact match for CDP version 118, so returning the closest version found: 115
Oct 25, 2023 11:36:12 AM org.openqa.selenium.devtools.CdpVersionFinder findNearestMatch
WARNING: Unable to find an exact match for CDP version 118, so returning the closest version found: 115
]]></system-err>
  </testcase>
  <testcase name="validateUserMenuDropDown[void com.tekarck.testCases.TC05_ValidateUserMenuDropDown.validateUserMenuDropDown(java.lang.reflect.Method) throws org.apache.poi.openxml4j.exceptions.InvalidFormatException,java.io.IOException](1)" classname="com.tekarck.testCases.TC05_ValidateUserMenuDropDown" time="2.908">
    <system-out><![CDATA[2023-10-25 11:36:13,496 [TestNG-test=Regression  Test-2] INFO : Launching the application : https://login.salesforce.com/
2023-10-25 11:36:13,506 [TestNG-test=Regression  Test-2] INFO : Login Page title :Login | Salesforce
2023-10-25 11:36:13,566 [TestNG-test=Regression  Test-3] INFO : Closing the browser :
2023-10-25 11:36:13,568 [TestNG-test=Regression  Test-3] INFO : Set driver : chrome
2023-10-25 11:36:13,630 [TestNG-test=Regression  Test-2] INFO : Inside the Class ::com.tekarck.testCases.TC05_ValidateUserMenuDropDown
2023-10-25 11:36:13,631 [TestNG-test=Regression  Test-2] INFO : Inside the method ::validateUserMenuDropDown
2023-10-25 11:36:13,846 [TestNG-test=Regression  Test-1] INFO : Inside the method :: anusha@t.com
2023-10-25 11:36:13,942 [TestNG-test=Regression  Test-1] INFO : Inside the method :: Anusha
2023-10-25 11:36:14,153 [TestNG-test=Regression  Test-2] INFO : Entered UserName :: anusha@tek.com
2023-10-25 11:36:14,325 [TestNG-test=Regression  Test-2] INFO : Entered password :: Sumedh@03
2023-10-25 11:36:15,245 [TestNG-test=Regression  Test-2] INFO : Clicked on Login Button 
2023-10-25 11:36:15,294 [TestNG-test=Regression  Test-3] INFO : Launching the application : https://login.salesforce.com/
2023-10-25 11:36:15,299 [TestNG-test=Regression  Test-3] INFO : Login Page title :Login | Salesforce
2023-10-25 11:36:18,234 [TestNG-test=Regression  Test-2] INFO : Clicked on UserMenu  
2023-10-25 11:36:18,326 [TestNG-test=Regression  Test-2] INFO : Validation for User Menu Items Started.... 
2023-10-25 11:36:18,326 [TestNG-test=Regression  Test-2] INFO : All User menu items are present.... 
2023-10-25 11:36:18,326 [TestNG-test=Regression  Test-2] INFO : My Profile ,My Settings ,Developer Console , Switch to Lightning Experience, Logout
]]></system-out>
    <system-err><![CDATA[Oct 25, 2023 11:36:14 AM org.openqa.selenium.devtools.CdpVersionFinder findNearestMatch
WARNING: Unable to find an exact match for CDP version 118, so returning the closest version found: 115
]]></system-err>
  </testcase>
  <testcase name="verifyDelevolperConsole" classname="com.tekarck.testCases.TC08_DelevolperConsole" time="3.326">
    <system-out><![CDATA[2023-10-25 11:36:18,400 [TestNG-test=Regression  Test-2] INFO : Closing the browser :
2023-10-25 11:36:18,401 [TestNG-test=Regression  Test-2] INFO : Set driver : chrome
]]></system-out>
  </testcase>
  <testcase name="loginToAppWithInvalidCreds[void com.tekarck.testCases.TC04B_InvalidUserNameAndPassword.loginToAppWithInvalidCreds(java.lang.reflect.Method) throws org.apache.poi.openxml4j.exceptions.InvalidFormatException,java.io.IOException](1)" classname="com.tekarck.testCases.TC04B_InvalidUserNameAndPassword" time="4.576">
    <system-out><![CDATA[2023-10-25 11:36:18,838 [TestNG-test=Regression  Test-3] INFO : Closing the browser :
2023-10-25 11:36:19,954 [TestNG-test=Regression  Test-2] INFO : Launching the application : https://login.salesforce.com/
2023-10-25 11:36:19,958 [TestNG-test=Regression  Test-2] INFO : Login Page title :Login | Salesforce
2023-10-25 11:36:24,612 [TestNG-test=Regression  Test-1] INFO : Clicked loin Btn....
2023-10-25 11:36:24,658 [TestNG-test=Regression  Test-1] INFO : Got The error message.... :: Please check your username and password. If you still can't log in, contact your Salesforce administrator.
]]></system-out>
    <system-err><![CDATA[Oct 25, 2023 11:36:19 AM org.openqa.selenium.devtools.CdpVersionFinder findNearestMatch
WARNING: Unable to find an exact match for CDP version 118, so returning the closest version found: 115
]]></system-err>
  </testcase>
  <testcase name="verifyLogout" classname="com.tekarck.testCases.TC09_Logout" time="4.816">
    <system-out><![CDATA[2023-10-25 11:36:24,720 [TestNG-test=Regression  Test-1] INFO : Closing the browser :
]]></system-out>
  </testcase>
</testsuite>