<?xml version="1.0" encoding="UTF-8"?>
<!-- Generated by org.testng.reporters.JUnitReportReporter -->
<testsuite hostname="SumedhKrishna" failures="0" tests="1" name="com.tekarck.testCases.TC03_CheckRememberMe" time="7.645" errors="0" timestamp="2023-08-26T13:33:37 EDT" skipped="0">
  <testcase classname="com.tekarck.testCases.TC03_CheckRememberMe" name="loginAndCheckRememberMe" time="7.645"/>
  <system-out/>
</testsuite> <!-- com.tekarck.testCases.TC03_CheckRememberMe -->
