<?xml version="1.0" encoding="UTF-8"?>
<!-- Generated by org.testng.reporters.JUnitReportReporter -->
<testsuite hostname="SumedhKrishna" failures="0" tests="1" name="com.tekarck.testCases.TC12_EditView" time="6.733" errors="0" timestamp="2023-08-29T20:52:34 EDT" skipped="0">
  <testcase classname="com.tekarck.testCases.TC12_EditView" name="editView" time="6.733"/>
  <system-out/>
</testsuite> <!-- com.tekarck.testCases.TC12_EditView -->
