<?xml version="1.0" encoding="UTF-8"?>
<!-- Generated by org.testng.reporters.JUnitReportReporter -->
<testsuite hostname="SumedhKrishna" failures="0" tests="1" name="com.tekarck.testCases.TC21_LeadsSelectView" time="4.746" errors="0" timestamp="2023-09-07T19:54:35 EDT" skipped="0">
  <testcase classname="com.tekarck.testCases.TC21_LeadsSelectView" name="verifyLeadsSelectView" time="4.746"/>
  <system-out/>
</testsuite> <!-- com.tekarck.testCases.TC21_LeadsSelectView -->
