<?xml version="1.0" encoding="UTF-8"?>
<!-- Generated by org.testng.reporters.JUnitReportReporter -->
<testsuite hostname="SumedhKrishna" failures="0" tests="3" name="com.tekarck.testCases.TC03_CheckRememberMe" time="19.524" errors="0" timestamp="2023-09-06T12:03:41 EDT" skipped="0">
  <testcase classname="com.tekarck.testCases.TC03_CheckRememberMe" name="loginAndCheckRememberMe" time="8.485"/>
  <system-out/>
  <testcase classname="com.tekarck.testCases.TC03_CheckRememberMe" name="loginAndCheckRememberMe" time="6.343"/>
  <system-out/>
  <testcase classname="com.tekarck.testCases.TC03_CheckRememberMe" name="loginAndCheckRememberMe" time="4.696"/>
  <system-out/>
</testsuite> <!-- com.tekarck.testCases.TC03_CheckRememberMe -->
