<?xml version="1.0" encoding="UTF-8"?>
<!-- Generated by org.testng.reporters.JUnitReportReporter -->
<testsuite hostname="SumedhKrishna" failures="0" tests="1" name="com.tekarck.testCases.TC28_MyContacts" time="10.692" errors="0" timestamp="2023-09-08T10:12:08 EDT" skipped="0">
  <testcase classname="com.tekarck.testCases.TC28_MyContacts" name="verifyCreateNewViewInTheContactPage" time="10.692"/>
  <system-out/>
</testsuite> <!-- com.tekarck.testCases.TC28_MyContacts -->
