<?xml version="1.0" encoding="UTF-8"?>
<!-- Generated by org.testng.reporters.JUnitReportReporter -->
<testsuite hostname="SumedhKrishna" failures="0" tests="1" name="com.tekarck.testCases.TC33_VerifyFirstNameAndLastNameOnHomePage" time="6.254" errors="0" timestamp="2023-09-08T21:26:08 EDT" skipped="0">
  <testcase classname="com.tekarck.testCases.TC33_VerifyFirstNameAndLastNameOnHomePage" name="VerifyFirstNameAndLastNameOnHomePage" time="6.254"/>
  <system-out/>
</testsuite> <!-- com.tekarck.testCases.TC33_VerifyFirstNameAndLastNameOnHomePage -->
