<?xml version="1.0" encoding="UTF-8"?>
<!-- Generated by org.testng.reporters.JUnitReportReporter -->
<testsuite hostname="SumedhKrishna" failures="0" tests="2" name="com.tekarck.testCases.TC07_MySettings" time="9.276" errors="0" timestamp="2023-08-29T00:32:53 EDT" skipped="0">
  <testcase classname="com.tekarck.testCases.TC07_MySettings" name="mySetting" time="5.469"/>
  <system-out/>
  <testcase classname="com.tekarck.testCases.TC07_MySettings" name="calenderAndReminders" time="3.807"/>
  <system-out/>
</testsuite> <!-- com.tekarck.testCases.TC07_MySettings -->
