<?xml version="1.0" encoding="UTF-8"?>
<!-- Generated by org.testng.reporters.JUnitReportReporter -->
<testsuite hostname="SumedhKrishna" failures="0" tests="1" name="com.tekarck.testCases.TC20_LeadsTab" time="4.913" errors="0" timestamp="2023-09-07T19:47:11 EDT" skipped="0">
  <testcase classname="com.tekarck.testCases.TC20_LeadsTab" name="verifyLeadsTab" time="4.913"/>
  <system-out/>
</testsuite> <!-- com.tekarck.testCases.TC20_LeadsTab -->
