<?xml version="1.0" encoding="UTF-8"?>
<!-- Generated by org.testng.reporters.JUnitReportReporter -->
<testsuite hostname="SumedhKrishna" failures="0" tests="1" name="com.tekarck.testCases.TC25_CreateNewContact" time="11.647" errors="0" timestamp="2023-09-07T22:57:03 EDT" skipped="0">
  <testcase classname="com.tekarck.testCases.TC25_CreateNewContact" name="verifyCreateNewContact" time="11.647"/>
  <system-out/>
</testsuite> <!-- com.tekarck.testCases.TC25_CreateNewContact -->
