<?xml version="1.0" encoding="UTF-8"?>
<!-- Generated by org.testng.reporters.JUnitReportReporter -->
<testsuite hostname="SumedhKrishna" failures="0" tests="1" name="com.tekarck.testCases.TC04A_TestForgotPassword" time="1.396" errors="0" timestamp="2023-08-26T13:49:04 EDT" skipped="0">
  <testcase classname="com.tekarck.testCases.TC04A_TestForgotPassword" name="forgotPwd" time="1.396"/>
  <system-out/>
</testsuite> <!-- com.tekarck.testCases.TC04A_TestForgotPassword -->
