<?xml version="1.0" encoding="UTF-8"?>
<!-- Generated by org.testng.reporters.JUnitReportReporter -->
<testsuite hostname="SumedhKrishna" failures="0" tests="1" name="com.tekarck.testCases.TC22_DefaultView" time="9.288" errors="0" timestamp="2023-09-07T20:11:30 EDT" skipped="0">
  <testcase classname="com.tekarck.testCases.TC22_DefaultView" name="verifyLeadsTab" time="9.288"/>
  <system-out/>
</testsuite> <!-- com.tekarck.testCases.TC22_DefaultView -->
