<?xml version="1.0" encoding="UTF-8"?>
<!-- Generated by org.testng.reporters.JUnitReportReporter -->
<testsuite hostname="SumedhKrishna" failures="0" tests="1" name="com.tekarck.testCases.TC30_VerifyTheContactErrorMsg" time="5.760" errors="0" timestamp="2023-09-08T19:58:00 EDT" skipped="0">
  <testcase classname="com.tekarck.testCases.TC30_VerifyTheContactErrorMsg" name="verifyCreateNewViewInTheContactPage" time="5.760"/>
  <system-out/>
</testsuite> <!-- com.tekarck.testCases.TC30_VerifyTheContactErrorMsg -->
