<?xml version="1.0" encoding="UTF-8"?>
<!-- Generated by org.testng.reporters.JUnitReportReporter -->
<testsuite hostname="SumedhKrishna" failures="0" tests="1" name="com.tekarck.testCases.TC02_ValidLoginToSalesForce" time="9.724" errors="0" timestamp="2023-08-26T13:04:14 EDT" skipped="0">
  <testcase classname="com.tekarck.testCases.TC02_ValidLoginToSalesForce" name="loginToSalesForceAppForMultipleUsers" time="9.724"/>
  <system-out/>
</testsuite> <!-- com.tekarck.testCases.TC02_ValidLoginToSalesForce -->
