<?xml version="1.0" encoding="UTF-8"?>
<!-- Generated by org.testng.reporters.JUnitReportReporter -->
<testsuite hostname="SumedhKrishna" failures="0" tests="1" name="com.tekarck.testCases.TC10_CreateAnAccount" time="9.851" errors="0" timestamp="2023-08-29T18:09:50 EDT" skipped="0">
  <testcase classname="com.tekarck.testCases.TC10_CreateAnAccount" name="createNewaccount" time="9.851"/>
  <system-out/>
</testsuite> <!-- com.tekarck.testCases.TC10_CreateAnAccount -->
