<?xml version="1.0" encoding="UTF-8"?>
<!-- Generated by org.testng.reporters.JUnitReportReporter -->
<testsuite hostname="SumedhKrishna" failures="0" tests="6" name="com.tekarck.testCases.TC01_LoginErrorMessage" time="2.961" errors="0" timestamp="2023-09-05T11:15:49 EDT" skipped="0">
  <testcase classname="com.tekarck.testCases.TC01_LoginErrorMessage" name="validateLoginToTheApplnWithBlankPassword" time="1.269"/>
  <system-out/>
  <testcase classname="com.tekarck.testCases.TC01_LoginErrorMessage" name="validateLoginToTheApplnWithBlankPassword" time="0.453"/>
  <system-out/>
  <testcase classname="com.tekarck.testCases.TC01_LoginErrorMessage" name="validateLoginToTheApplnWithBlankPassword" time="1.192"/>
  <system-out/>
  <testcase classname="com.tekarck.testCases.TC01_LoginErrorMessage" name="launchApp" time="0.007"/>
  <system-out/>
  <testcase classname="com.tekarck.testCases.TC01_LoginErrorMessage" name="launchApp" time="0.035"/>
  <system-out/>
  <testcase classname="com.tekarck.testCases.TC01_LoginErrorMessage" name="launchApp" time="0.005"/>
  <system-out/>
</testsuite> <!-- com.tekarck.testCases.TC01_LoginErrorMessage -->
