<?xml version="1.0" encoding="UTF-8"?>
<!-- Generated by org.testng.reporters.JUnitReportReporter -->
<testsuite hostname="SumedhKrishna" failures="0" tests="1" name="com.tekarck.testCases.TC06_MyProfile" time="8.837" errors="0" timestamp="2023-08-31T10:38:26 EDT" skipped="0">
  <testcase classname="com.tekarck.testCases.TC06_MyProfile" name="editMyProfile" time="8.837"/>
  <system-out/>
</testsuite> <!-- com.tekarck.testCases.TC06_MyProfile -->
