<?xml version="1.0" encoding="UTF-8"?>
<!-- Generated by org.testng.reporters.JUnitReportReporter -->
<testsuite hostname="SumedhKrishna" failures="0" tests="3" name="com.tekarck.testCases.TC04A_TestForgotPassword" time="1.800" errors="0" timestamp="2023-09-06T12:03:41 EDT" skipped="0">
  <testcase classname="com.tekarck.testCases.TC04A_TestForgotPassword" name="forgotPwdLinkValidation" time="0.657"/>
  <system-out/>
  <testcase classname="com.tekarck.testCases.TC04A_TestForgotPassword" name="forgotPwdLinkValidation" time="0.528"/>
  <system-out/>
  <testcase classname="com.tekarck.testCases.TC04A_TestForgotPassword" name="forgotPwdLinkValidation" time="0.615"/>
  <system-out/>
</testsuite> <!-- com.tekarck.testCases.TC04A_TestForgotPassword -->
