<?xml version="1.0" encoding="UTF-8"?>
<!-- Generated by org.testng.reporters.JUnitReportReporter -->
<testsuite hostname="SumedhKrishna" failures="0" tests="1" name="com.tekarck.testCases.TC15_opportunitiesDropDown" time="7.295" errors="0" timestamp="2023-09-07T10:42:47 EDT" skipped="0">
  <testcase classname="com.tekarck.testCases.TC15_opportunitiesDropDown" name="verifyopportunitiesDropDown" time="7.295"/>
  <system-out/>
</testsuite> <!-- com.tekarck.testCases.TC15_opportunitiesDropDown -->
