<?xml version="1.0" encoding="UTF-8"?>
<!-- Generated by org.testng.reporters.JUnitReportReporter -->
<testsuite hostname="SumedhKrishna" failures="0" tests="1" name="com.tekarck.testCases.TC26_CreateNewViewInTheContactPage" time="7.841" errors="0" timestamp="2023-09-07T23:32:59 EDT" skipped="0">
  <testcase classname="com.tekarck.testCases.TC26_CreateNewViewInTheContactPage" name="verifyCreateNewViewInTheContactPage" time="7.841"/>
  <system-out/>
</testsuite> <!-- com.tekarck.testCases.TC26_CreateNewViewInTheContactPage -->
