<?xml version="1.0" encoding="UTF-8"?>
<!-- Generated by org.testng.reporters.JUnitReportReporter -->
<testsuite hostname="SumedhKrishna" failures="0" tests="3" name="com.tekarck.testCases.TC05_ValidateUserMenuDropDown" time="16.427" errors="0" timestamp="2023-09-06T12:03:41 EDT" skipped="0">
  <testcase classname="com.tekarck.testCases.TC05_ValidateUserMenuDropDown" name="validateUserMenuDropDown" time="4.822"/>
  <system-out/>
  <testcase classname="com.tekarck.testCases.TC05_ValidateUserMenuDropDown" name="validateUserMenuDropDown" time="7.064"/>
  <system-out/>
  <testcase classname="com.tekarck.testCases.TC05_ValidateUserMenuDropDown" name="validateUserMenuDropDown" time="4.541"/>
  <system-out/>
</testsuite> <!-- com.tekarck.testCases.TC05_ValidateUserMenuDropDown -->
