<?xml version="1.0" encoding="UTF-8"?>
<!-- Generated by org.testng.reporters.JUnitReportReporter -->
<testsuite hostname="SumedhKrishna" failures="0" tests="2" name="com.tekarck.testCases.TC01_LoginErrorMessage" time="6.893" errors="0" timestamp="2023-08-26T11:42:04 EDT" skipped="0">
  <testcase classname="com.tekarck.testCases.TC01_LoginErrorMessage" name="enterUserName" time="4.004"/>
  <system-out/>
  <testcase classname="com.tekarck.testCases.TC01_LoginErrorMessage" name="launchApp" time="2.889"/>
  <system-out/>
</testsuite> <!-- com.tekarck.testCases.TC01_LoginErrorMessage -->
