<?xml version="1.0" encoding="UTF-8"?>
<!-- Generated by org.testng.reporters.JUnitReportReporter -->
<testsuite hostname="SumedhKrishna" failures="0" tests="3" name="com.tekarck.testCases.TC04B_InvalidUserNameAndPassword" time="36.252" errors="0" timestamp="2023-09-06T12:03:41 EDT" skipped="0">
  <testcase classname="com.tekarck.testCases.TC04B_InvalidUserNameAndPassword" name="loginToAppWithInvalidCreds" time="13.821"/>
  <system-out/>
  <testcase classname="com.tekarck.testCases.TC04B_InvalidUserNameAndPassword" name="loginToAppWithInvalidCreds" time="11.563"/>
  <system-out/>
  <testcase classname="com.tekarck.testCases.TC04B_InvalidUserNameAndPassword" name="loginToAppWithInvalidCreds" time="10.868"/>
  <system-out/>
</testsuite> <!-- com.tekarck.testCases.TC04B_InvalidUserNameAndPassword -->
