<?xml version="1.0" encoding="UTF-8"?>
<!-- Generated by org.testng.reporters.JUnitReportReporter -->
<testsuite hostname="SumedhKrishna" failures="0" tests="1" name="com.tekarck.testCases.TC32_VerifySaveAndNewButton" time="7.370" errors="0" timestamp="2023-09-08T20:41:41 EDT" skipped="0">
  <testcase classname="com.tekarck.testCases.TC32_VerifySaveAndNewButton" name="VerifyTheCancelButton" time="7.370"/>
  <system-out/>
</testsuite> <!-- com.tekarck.testCases.TC32_VerifySaveAndNewButton -->
