<?xml version="1.0" encoding="UTF-8"?>
<!-- Generated by org.testng.reporters.JUnitReportReporter -->
<testsuite hostname="SumedhKrishna" failures="0" tests="1" name="com.tekarck.testCases.TC06_MyProfile" time="9.750" errors="0" timestamp="2023-09-08T22:07:10 EDT" skipped="0">
  <testcase classname="com.tekarck.testCases.TC06_MyProfile" name="editMyProfile" time="9.750"/>
  <system-out/>
</testsuite> <!-- com.tekarck.testCases.TC06_MyProfile -->
