<?xml version="1.0" encoding="UTF-8"?>
<!-- Generated by org.testng.reporters.JUnitReportReporter -->
<testsuite hostname="SumedhKrishna" failures="0" tests="1" name="com.tekarck.testCases.TC23_ListItemTodaysLeadswork" time="6.585" errors="0" timestamp="2023-09-07T20:36:26 EDT" skipped="0">
  <testcase classname="com.tekarck.testCases.TC23_ListItemTodaysLeadswork" name="verifyListItemTodaysLeadswork" time="6.585"/>
  <system-out/>
</testsuite> <!-- com.tekarck.testCases.TC23_ListItemTodaysLeadswork -->
