<?xml version="1.0" encoding="UTF-8"?>
<!-- Generated by org.testng.reporters.JUnitReportReporter -->
<testsuite hostname="SumedhKrishna" failures="0" tests="1" name="com.tekarck.testCases.TC11_CreateNewView" time="6.927" errors="0" timestamp="2023-08-29T18:45:26 EDT" skipped="0">
  <testcase classname="com.tekarck.testCases.TC11_CreateNewView" name="createNewView" time="6.927"/>
  <system-out/>
</testsuite> <!-- com.tekarck.testCases.TC11_CreateNewView -->
