<?xml version="1.0" encoding="UTF-8"?>
<!-- Generated by org.testng.reporters.JUnitReportReporter -->
<testsuite hostname="SumedhKrishna" failures="0" tests="1" name="com.tekarck.testCases.TC31_VerifyTheCancelButton" time="5.712" errors="0" timestamp="2023-09-08T20:28:20 EDT" skipped="0">
  <testcase classname="com.tekarck.testCases.TC31_VerifyTheCancelButton" name="VerifyTheCancelButton" time="5.712"/>
  <system-out/>
</testsuite> <!-- com.tekarck.testCases.TC31_VerifyTheCancelButton -->
