<?xml version="1.0" encoding="UTF-8"?>
<!-- Generated by org.testng.reporters.JUnitReportReporter -->
<testsuite hostname="SumedhKrishna" failures="0" tests="1" name="com.tekarck.testCases.TC03_CheckRememberMe" time="7.714" errors="0" timestamp="2023-09-05T11:21:42 EDT" skipped="0">
  <testcase classname="com.tekarck.testCases.TC03_CheckRememberMe" name="loginAndCheckRememberMe" time="7.714"/>
  <system-out/>
</testsuite> <!-- com.tekarck.testCases.TC03_CheckRememberMe -->
