<?xml version="1.0" encoding="UTF-8"?>
<!-- Generated by org.testng.reporters.JUnitReportReporter -->
<testsuite hostname="SumedhKrishna" failures="0" tests="1" name="com.tekarck.testCases.TC35_VerifyTabCustomizationTab" time="12.235" errors="0" timestamp="2023-09-08T23:17:34 EDT" skipped="0">
  <testcase classname="com.tekarck.testCases.TC35_VerifyTabCustomizationTab" name="VerifyTabCustomizationTab" time="12.235"/>
  <system-out/>
</testsuite> <!-- com.tekarck.testCases.TC35_VerifyTabCustomizationTab -->
