<?xml version="1.0" encoding="UTF-8"?>
<!-- Generated by org.testng.reporters.JUnitReportReporter -->
<testsuite hostname="SumedhKrishna" failures="0" tests="1" name="com.tekarck.testCases.TC24_CheckNewButtonOnLeadsHome" time="6.147" errors="0" timestamp="2023-09-07T21:06:35 EDT" skipped="0">
  <testcase classname="com.tekarck.testCases.TC24_CheckNewButtonOnLeadsHome" name="verifyLeadsTab" time="6.147"/>
  <system-out/>
</testsuite> <!-- com.tekarck.testCases.TC24_CheckNewButtonOnLeadsHome -->
