<?xml version="1.0" encoding="UTF-8"?>
<!-- Generated by org.testng.reporters.JUnitReportReporter -->
<testsuite hostname="SumedhKrishna" failures="0" tests="1" name="com.tekarck.testCases.TC18_TestStucOpportunitiesReport" time="9.224" errors="0" timestamp="2023-09-07T17:42:33 EDT" skipped="0">
  <testcase classname="com.tekarck.testCases.TC18_TestStucOpportunitiesReport" name="verifyStucOpportunitiesReport" time="9.224"/>
  <system-out/>
</testsuite> <!-- com.tekarck.testCases.TC18_TestStucOpportunitiesReport -->
