<?xml version="1.0" encoding="UTF-8"?>
<!-- Generated by org.testng.reporters.JUnitReportReporter -->
<testsuite hostname="SumedhKrishna" failures="0" tests="1" name="com.tekarck.testCases.TC05_ValidateUserMenuDropDown" time="5.462" errors="0" timestamp="2023-08-26T14:52:33 EDT" skipped="0">
  <testcase classname="com.tekarck.testCases.TC05_ValidateUserMenuDropDown" name="validateUserMenuDropDown" time="5.462"/>
  <system-out/>
</testsuite> <!-- com.tekarck.testCases.TC05_ValidateUserMenuDropDown -->
