<?xml version="1.0" encoding="UTF-8"?>
<!-- Generated by org.testng.reporters.JUnitReportReporter -->
<testsuite hostname="SumedhKrishna" failures="0" tests="1" name="com.tekarck.testCases.TC36_BlockingAnEventInTheCalender" time="8.864" errors="0" timestamp="2023-09-10T18:58:50 EDT" skipped="0">
  <testcase classname="com.tekarck.testCases.TC36_BlockingAnEventInTheCalender" name="verifyBlockingAnEventInTheCalender" time="8.864"/>
  <system-out/>
</testsuite> <!-- com.tekarck.testCases.TC36_BlockingAnEventInTheCalender -->
