<?xml version="1.0" encoding="UTF-8"?>
<!-- Generated by org.testng.reporters.JUnitReportReporter -->
<testsuite hostname="SumedhKrishna" failures="0" tests="4" name="com.tekarck.testCases.TC06_MyProfile" time="16.846" errors="0" timestamp="2023-08-28T21:41:00 EDT" skipped="0">
  <testcase classname="com.tekarck.testCases.TC06_MyProfile" name="editMyProfile" time="11.560"/>
  <system-out/>
  <testcase classname="com.tekarck.testCases.TC06_MyProfile" name="uploadFile" time="0.417"/>
  <system-out/>
  <testcase classname="com.tekarck.testCases.TC06_MyProfile" name="postText" time="0.401"/>
  <system-out/>
  <testcase classname="com.tekarck.testCases.TC06_MyProfile" name="addPhoto" time="4.468"/>
  <system-out/>
</testsuite> <!-- com.tekarck.testCases.TC06_MyProfile -->
