<?xml version="1.0" encoding="UTF-8"?>
<!-- Generated by org.testng.reporters.JUnitReportReporter -->
<testsuite hostname="SumedhKrishna" failures="0" tests="1" name="com.tekarck.testCases.TC08_DelevolperConsole" time="8.942" errors="0" timestamp="2023-08-29T11:13:11 EDT" skipped="0">
  <testcase classname="com.tekarck.testCases.TC08_DelevolperConsole" name="developerConsole" time="8.942"/>
  <system-out/>
</testsuite> <!-- com.tekarck.testCases.TC08_DelevolperConsole -->
