<?xml version="1.0" encoding="UTF-8"?>
<!-- Generated by org.testng.reporters.JUnitReportReporter -->
<testsuite hostname="SumedhKrishna" failures="0" tests="3" name="com.tekarck.testCases.TC01_LoginErrorMessage" time="2.142" errors="0" timestamp="2023-09-06T12:03:41 EDT" skipped="0">
  <testcase classname="com.tekarck.testCases.TC01_LoginErrorMessage" name="validateLoginToTheApplnWithBlankPassword" time="0.405"/>
  <system-out/>
  <testcase classname="com.tekarck.testCases.TC01_LoginErrorMessage" name="validateLoginToTheApplnWithBlankPassword" time="0.763"/>
  <system-out/>
  <testcase classname="com.tekarck.testCases.TC01_LoginErrorMessage" name="validateLoginToTheApplnWithBlankPassword" time="0.974"/>
  <system-out/>
</testsuite> <!-- com.tekarck.testCases.TC01_LoginErrorMessage -->
