<?xml version="1.0" encoding="UTF-8"?>
<!-- Generated by org.testng.reporters.JUnitReportReporter -->
<testsuite hostname="SumedhKrishna" failures="0" tests="1" name="com.tekarck.testCases.TC17_TestOpportunityPipelineReport" time="6.961" errors="0" timestamp="2023-09-07T17:23:53 EDT" skipped="0">
  <testcase classname="com.tekarck.testCases.TC17_TestOpportunityPipelineReport" name="verifyOpportunityPipelineReporty" time="6.961"/>
  <system-out/>
</testsuite> <!-- com.tekarck.testCases.TC17_TestOpportunityPipelineReport -->
