<?xml version="1.0" encoding="UTF-8"?>
<!-- Generated by org.testng.reporters.JUnitReportReporter -->
<testsuite hostname="SumedhKrishna" failures="0" tests="1" name="com.tekarck.testCases.TC14_CreateAccountReport" time="27.388" errors="0" timestamp="2023-09-07T16:59:47 EDT" skipped="0">
  <testcase classname="com.tekarck.testCases.TC14_CreateAccountReport" name="verifyCreateAccountReport" time="27.388"/>
  <system-out/>
</testsuite> <!-- com.tekarck.testCases.TC14_CreateAccountReport -->
