<?xml version="1.0" encoding="UTF-8"?>
<!-- Generated by org.testng.reporters.JUnitReportReporter -->
<testsuite hostname="SumedhKrishna" failures="0" tests="1" name="com.tekarck.testCases.TC16_CreateANewOpty" time="9.986" errors="0" timestamp="2023-09-07T16:43:39 EDT" skipped="0">
  <testcase classname="com.tekarck.testCases.TC16_CreateANewOpty" name="verifyCrearingNewOpportunity" time="9.986"/>
  <system-out/>
</testsuite> <!-- com.tekarck.testCases.TC16_CreateANewOpty -->
