<?xml version="1.0" encoding="UTF-8"?>
<!-- Generated by org.testng.reporters.JUnitReportReporter -->
<testsuite hostname="SumedhKrishna" failures="0" tests="1" name="com.tekarck.testCases.TC19_TestQuarterlySummaryReport" time="7.488" errors="0" timestamp="2023-09-07T18:20:41 EDT" skipped="0">
  <testcase classname="com.tekarck.testCases.TC19_TestQuarterlySummaryReport" name="verifyStucOpportunitiesReport" time="7.488"/>
  <system-out/>
</testsuite> <!-- com.tekarck.testCases.TC19_TestQuarterlySummaryReport -->
