<?xml version="1.0" encoding="UTF-8"?>
<!-- Generated by org.testng.reporters.JUnitReportReporter -->
<testsuite hostname="SumedhKrishna" failures="0" tests="1" name="com.tekarck.testCases.TC27_RecentlyCreatedContacts" time="5.408" errors="0" timestamp="2023-09-07T23:51:48 EDT" skipped="0">
  <testcase classname="com.tekarck.testCases.TC27_RecentlyCreatedContacts" name="verifyCreateNewViewInTheContactPage" time="5.408"/>
  <system-out/>
</testsuite> <!-- com.tekarck.testCases.TC27_RecentlyCreatedContacts -->
