<?xml version="1.0" encoding="UTF-8"?>
<!-- Generated by org.testng.reporters.JUnitReportReporter -->
<testsuite hostname="SumedhKrishna" failures="0" tests="1" name="com.tekarck.testCases.TC37_BlockingAnEventInTheCalenderWithWeeklyRecurrance" time="11.580" errors="0" timestamp="2023-09-10T18:44:12 EDT" skipped="0">
  <testcase classname="com.tekarck.testCases.TC37_BlockingAnEventInTheCalenderWithWeeklyRecurrance" name="verifyBlockingAnEventInTheCalenderWithWeeklyRecurrance" time="11.580"/>
  <system-out/>
</testsuite> <!-- com.tekarck.testCases.TC37_BlockingAnEventInTheCalenderWithWeeklyRecurrance -->
