<?xml version="1.0" encoding="UTF-8"?>
<!-- Generated by org.testng.reporters.JUnitReportReporter -->
<testsuite hostname="SumedhKrishna" failures="0" tests="1" name="com.tekarck.testCases.TC04A_TestForgotPassword" time="0.644" errors="0" timestamp="2023-10-25T11:36:25 EDT" skipped="0">
  <testcase classname="com.tekarck.testCases.TC04A_TestForgotPassword" name="forgotPwdLinkValidation" time="0.644"/>
  <system-out/>
</testsuite> <!-- com.tekarck.testCases.TC04A_TestForgotPassword -->
