<?xml version="1.0" encoding="UTF-8"?>
<!-- Generated by org.testng.reporters.JUnitReportReporter -->
<testsuite hostname="SumedhKrishna" failures="0" tests="1" name="com.tekarck.testCases.TC03_CheckRememberMe" time="6.038" errors="0" timestamp="2023-10-25T11:36:25 EDT" skipped="0">
  <testcase classname="com.tekarck.testCases.TC03_CheckRememberMe" name="loginAndCheckRememberMe" time="6.038"/>
  <system-out/>
</testsuite> <!-- com.tekarck.testCases.TC03_CheckRememberMe -->
