<?xml version="1.0" encoding="UTF-8"?>
<!-- Generated by org.testng.reporters.JUnitReportReporter -->
<testsuite hostname="SumedhKrishna" failures="0" tests="1" name="com.tekarck.testCases.TC09_Logout" time="4.817" errors="0" timestamp="2023-10-25T11:36:25 EDT" skipped="0">
  <testcase classname="com.tekarck.testCases.TC09_Logout" name="verifyLogout" time="4.817"/>
  <system-out/>
</testsuite> <!-- com.tekarck.testCases.TC09_Logout -->
