<?xml version="1.0" encoding="UTF-8"?>
<!-- Generated by org.testng.reporters.JUnitReportReporter -->
<testsuite hostname="SumedhKrishna" failures="0" tests="1" name="com.tekarck.testCases.TC08_DelevolperConsole" time="3.326" errors="0" timestamp="2023-10-25T11:36:25 EDT" skipped="0">
  <testcase classname="com.tekarck.testCases.TC08_DelevolperConsole" name="verifyDelevolperConsole" time="3.326"/>
  <system-out/>
</testsuite> <!-- com.tekarck.testCases.TC08_DelevolperConsole -->
