<?xml version="1.0" encoding="UTF-8"?>
<!-- Generated by org.testng.reporters.JUnitReportReporter -->
<testsuite hostname="SumedhKrishna" failures="0" tests="1" name="com.tekarck.testCases.TC09_Logout" time="6.996" errors="0" timestamp="2023-10-09T22:04:52 EDT" skipped="0">
  <testcase classname="com.tekarck.testCases.TC09_Logout" name="verifyLogout" time="6.996"/>
  <system-out/>
</testsuite> <!-- com.tekarck.testCases.TC09_Logout -->
