<?xml version="1.0" encoding="UTF-8"?>
<!-- Generated by org.testng.reporters.JUnitReportReporter -->
<testsuite hostname="SumedhKrishna" failures="0" tests="1" name="com.tekarck.testCases.TC08_DelevolperConsole" time="6.768" errors="0" timestamp="2023-10-09T22:04:52 EDT" skipped="0">
  <testcase classname="com.tekarck.testCases.TC08_DelevolperConsole" name="verifyDelevolperConsole" time="6.768"/>
  <system-out/>
</testsuite> <!-- com.tekarck.testCases.TC08_DelevolperConsole -->
